Arguments: 
  /usr/local/Cellar/node/8.2.1/bin/node /usr/local/bin/yarn add nodemon eslint

PATH: 
  /Users/cernanbernardo/.rvm/gems/ruby-2.3.3/bin:/Users/cernanbernardo/.rvm/gems/ruby-2.3.3@global/bin:/Users/cernanbernardo/.rvm/rubies/ruby-2.3.3/bin:/Applications/Postgres.app/Contents/Versions/latest/bin:/usr/local:/usr/local/bin:/usr/local/sbin:/usr/bin:/usr/local/bin:/usr/bin:/bin:/usr/sbin:/sbin:~/Downloads:/Users/cernanbernardo/.rvm/bin

Yarn version: 
  0.27.5

Node version: 
  8.2.1

Platform: 
  darwin x64

npm manifest: 
  {
    "name": "server",
    "version": "1.0.0",
    "main": "index.js",
    "license": "MIT",
  }

yarn manifest: 
  No manifest

Lockfile: 
  No lockfile

Trace: 
  SyntaxError: /Users/cernanbernardo/Development/projects/learning/vue-learning/tab-tracker-vue-express/server/package.json: Unexpected token } in JSON at position 86
      at JSON.parse (<anonymous>)
      at /usr/local/lib/node_modules/yarn/lib/util/fs.js:554:57
      at Generator.next (<anonymous>)
      at step (/usr/local/lib/node_modules/yarn/node_modules/babel-runtime/helpers/asyncToGenerator.js:17:30)
      at /usr/local/lib/node_modules/yarn/node_modules/babel-runtime/helpers/asyncToGenerator.js:28:13
      at <anonymous>
